c:\users\cxy\desktop\file\3)loader\loaderdll\loaderdll\debug\loaderdll.pch
c:\users\cxy\desktop\file\3)loader\loaderdll\loaderdll\debug\vc141.pdb
c:\users\cxy\desktop\file\3)loader\loaderdll\loaderdll\debug\vc141.idb
c:\users\cxy\desktop\file\3)loader\loaderdll\loaderdll\debug\pch.obj
c:\users\cxy\desktop\file\3)loader\loaderdll\loaderdll\debug\dllmain.obj
c:\users\cxy\desktop\file\3)loader\loaderdll\debug\loaderdll.ilk
c:\users\cxy\desktop\file\3)loader\loaderdll\debug\loaderdll.dll
c:\users\cxy\desktop\file\3)loader\loaderdll\debug\loaderdll.pdb
c:\users\cxy\desktop\file\3)loader\loaderdll\debug\loaderdll.lib
c:\users\cxy\desktop\file\3)loader\loaderdll\debug\loaderdll.exp
c:\users\cxy\desktop\file\3)loader\loaderdll\loaderdll\debug\resource.res
c:\users\cxy\desktop\file\3)loader\loaderdll\loaderdll\debug\loaderdll.tlog\cl.command.1.tlog
c:\users\cxy\desktop\file\3)loader\loaderdll\loaderdll\debug\loaderdll.tlog\cl.read.1.tlog
c:\users\cxy\desktop\file\3)loader\loaderdll\loaderdll\debug\loaderdll.tlog\cl.write.1.tlog
c:\users\cxy\desktop\file\3)loader\loaderdll\loaderdll\debug\loaderdll.tlog\link.command.1.tlog
c:\users\cxy\desktop\file\3)loader\loaderdll\loaderdll\debug\loaderdll.tlog\link.read.1.tlog
c:\users\cxy\desktop\file\3)loader\loaderdll\loaderdll\debug\loaderdll.tlog\link.write.1.tlog
c:\users\cxy\desktop\file\3)loader\loaderdll\loaderdll\debug\loaderdll.tlog\loaderdll.write.1u.tlog
c:\users\cxy\desktop\file\3)loader\loaderdll\loaderdll\debug\loaderdll.tlog\rc.command.1.tlog
c:\users\cxy\desktop\file\3)loader\loaderdll\loaderdll\debug\loaderdll.tlog\rc.read.1.tlog
c:\users\cxy\desktop\file\3)loader\loaderdll\loaderdll\debug\loaderdll.tlog\rc.write.1.tlog
